<?xml version="1.0" encoding="UTF-8"?>
<testsuite name="Formulario de Contacto" tests="2" skipped="0" failures="0" errors="0" timestamp="2021-12-15T23:08:10" hostname="QARMY" time="21.262">
  <properties/>
  <testcase name="Deberia enviar el mensaje de contacto cuando enviamos todos los campos requeridos" classname="Formulario de Contacto" time="11.502"/>
  <testcase name="Deberia enviar el mensaje de contacto cuando enviamos todos los campos requeridos" classname="Formulario de Contacto" time="9.757"/>
  <system-out><![CDATA[18:08:11.581 [Test worker] INFO net.serenitybdd.core.webdriver.driverproviders.ProvideNewDriver - Instantiating driver
18:08:11.581 [Test worker] INFO net.serenitybdd.core.webdriver.driverproviders.ProvideNewDriver - Driver capabilities: Capabilities {acceptInsecureCerts: false, acceptSslCerts: true, browserName: chrome, goog:chromeOptions: {args: [], extensions: []}, incognito: true, loggingPrefs: org.openqa.selenium.logging..., platform: ANY, version: }
18:08:18.756 [Test worker] DEBUG net.serenitybdd.core.photography.Darkroom - Opening darkroom
18:08:18.757 [Darkroom Processing Line] DEBUG net.serenitybdd.core.photography.DarkroomProcessingLine - Darkroom processing line starting up
18:08:19.274 [Test worker] DEBUG net.serenitybdd.core.photography.Darkroom - Send negative for processing for E:\repo\dojo_serenity_cucumber\target\site\serenity\60539f1a2bf69c6c5d36d56c48ec297a220aeaa9fe83db253a3f5367dcf6ee06.png
18:08:20.249 [Test worker] DEBUG net.serenitybdd.core.photography.Darkroom - Send negative for processing for E:\repo\dojo_serenity_cucumber\target\site\serenity\b23ee77cbf1f9d2aa4e9c1590a5c8b8424a901b382d0d33b0bfabe66f23cf487.png
18:08:20.249 [Darkroom Processing Line] DEBUG net.serenitybdd.core.photography.DarkroomProcessingLine - Processing screenshot image in /var/screenshots/screenshot-6806151897928838151
18:08:20.250 [Darkroom Processing Line] DEBUG net.serenitybdd.core.photography.DarkroomProcessingLine - Saving screenshot to E:\repo\dojo_serenity_cucumber\target\site\serenity\b23ee77cbf1f9d2aa4e9c1590a5c8b8424a901b382d0d33b0bfabe66f23cf487.png
18:08:21.440 [Test worker] DEBUG net.serenitybdd.core.photography.Darkroom - Send negative for processing for E:\repo\dojo_serenity_cucumber\target\site\serenity\8e41235a2dd2c14a71c99e3c8c33b1a0983a2b163926f83b8a8b216fa90d4aba.png
18:08:21.885 [Test worker] DEBUG net.serenitybdd.core.photography.Darkroom - Send negative for processing for E:\repo\dojo_serenity_cucumber\target\site\serenity\8e41235a2dd2c14a71c99e3c8c33b1a0983a2b163926f83b8a8b216fa90d4aba.png
18:08:22.493 [Test worker] INFO net.thucydides.core.steps.ConsoleLoggingListener - ?[92m
        __    _____ _____ ____ _____   ____   _    ____  ____  _____ ____  
  _     \ \  |_   _| ____/ ___|_   _| |  _ \ / \  / ___|/ ___|| ____|  _ \ 
 (_)_____| |   | | |  _| \___ \ | |   | |_) / _ \ \___ \\___ \|  _| | | | |
  _|_____| |   | | | |___ ___) || |   |  __/ ___ \ ___) |___) | |___| |_| |
 (_)     | |   |_| |_____|____/ |_|   |_| /_/   \_\____/|____/|_____|____/ 
        /_/                                                                

TEST PASSED: Deberia enviar el mensaje de contacto cuando enviamos todos los campos requeridos
----------------------------------------------------------------------------?[0m
18:08:22.676 [Test worker] INFO net.serenitybdd.core.webdriver.driverproviders.ProvideNewDriver - Instantiating driver
18:08:22.676 [Test worker] INFO net.serenitybdd.core.webdriver.driverproviders.ProvideNewDriver - Driver capabilities: Capabilities {acceptInsecureCerts: false, acceptSslCerts: true, browserName: chrome, goog:chromeOptions: {args: [], extensions: []}, incognito: true, loggingPrefs: org.openqa.selenium.logging..., platform: ANY, version: }
18:08:29.469 [Test worker] DEBUG net.serenitybdd.core.photography.Darkroom - Send negative for processing for E:\repo\dojo_serenity_cucumber\target\site\serenity\60539f1a2bf69c6c5d36d56c48ec297a220aeaa9fe83db253a3f5367dcf6ee06.png
18:08:30.425 [Test worker] DEBUG net.serenitybdd.core.photography.Darkroom - Send negative for processing for E:\repo\dojo_serenity_cucumber\target\site\serenity\ab2bb192b752187cc78d436235446c9da896949efd8c22c02d14afdcb0b77a05.png
18:08:30.426 [Darkroom Processing Line] DEBUG net.serenitybdd.core.photography.DarkroomProcessingLine - Processing screenshot image in /var/screenshots/screenshot-5990287274583208152
18:08:30.426 [Darkroom Processing Line] DEBUG net.serenitybdd.core.photography.DarkroomProcessingLine - Saving screenshot to E:\repo\dojo_serenity_cucumber\target\site\serenity\ab2bb192b752187cc78d436235446c9da896949efd8c22c02d14afdcb0b77a05.png
18:08:31.595 [Test worker] DEBUG net.serenitybdd.core.photography.Darkroom - Send negative for processing for E:\repo\dojo_serenity_cucumber\target\site\serenity\8e41235a2dd2c14a71c99e3c8c33b1a0983a2b163926f83b8a8b216fa90d4aba.png
18:08:32.255 [Test worker] INFO net.thucydides.core.steps.ConsoleLoggingListener - ?[92m
        __    _____ _____ ____ _____   ____   _    ____  ____  _____ ____  
  _     \ \  |_   _| ____/ ___|_   _| |  _ \ / \  / ___|/ ___|| ____|  _ \ 
 (_)_____| |   | | |  _| \___ \ | |   | |_) / _ \ \___ \\___ \|  _| | | | |
  _|_____| |   | | | |___ ___) || |   |  __/ ___ \ ___) |___) | |___| |_| |
 (_)     | |   |_| |_____|____/ |_|   |_| /_/   \_\____/|____/|_____|____/ 
        /_/                                                                

TEST PASSED: Deberia enviar el mensaje de contacto cuando enviamos todos los campos requeridos
----------------------------------------------------------------------------?[0m
]]></system-out>
  <system-err><![CDATA[Dec 15, 2021 6:08:11 PM org.openqa.selenium.remote.DesiredCapabilities chrome
INFO: Using `new ChromeOptions()` is preferred to `DesiredCapabilities.chrome()`
Starting ChromeDriver 96.0.4664.45 (76e4c1bb2ab4671b8beba3444e61c0f17584b2fc-refs/branch-heads/4664@{#947}) on port 24566
Only local connections are allowed.
Please see https://chromedriver.chromium.org/security-considerations for suggestions on keeping ChromeDriver safe.
ChromeDriver was started successfully.
Dec 15, 2021 6:08:13 PM org.openqa.selenium.remote.ProtocolHandshake createSession
INFO: Detected dialect: W3C
Dec 15, 2021 6:08:22 PM org.openqa.selenium.remote.DesiredCapabilities chrome
INFO: Using `new ChromeOptions()` is preferred to `DesiredCapabilities.chrome()`
Starting ChromeDriver 96.0.4664.45 (76e4c1bb2ab4671b8beba3444e61c0f17584b2fc-refs/branch-heads/4664@{#947}) on port 17490
Only local connections are allowed.
Please see https://chromedriver.chromium.org/security-considerations for suggestions on keeping ChromeDriver safe.
ChromeDriver was started successfully.
Dec 15, 2021 6:08:24 PM org.openqa.selenium.remote.ProtocolHandshake createSession
INFO: Detected dialect: W3C
]]></system-err>
</testsuite>
